[2023-10-15 19:15:16,821: INFO: main: try]
[2023-10-16 11:14:53,531: INFO: common: yaml file: config\config.yaml loaded successfully]
[2023-10-16 11:14:53,535: INFO: common: yaml file: params.yaml loaded successfully]
[2023-10-16 11:14:53,539: INFO: common: created directory at: artifacts]
[2023-10-16 11:14:53,542: INFO: common: created directory at: artifacts/data_ingestion]
[2023-10-16 11:14:53,547: INFO: 3172177572: Downloading data from https://drive.google.com/file/d/1vlhZ5c7abUKF8xXERIw6m9Te8fW7ohw3/view?usp=sharing into file artifacts/data_ingestion/data.zip]
[2023-10-16 11:15:10,745: INFO: 3172177572: Downloaded data from https://drive.google.com/file/d/1vlhZ5c7abUKF8xXERIw6m9Te8fW7ohw3/view?usp=sharing into file artifacts/data_ingestion/data.zip]
[2023-10-16 11:41:35,770: INFO: main: >>>>>> stage Data Ingestion stage started <<<<<<]
[2023-10-16 11:41:35,773: INFO: common: yaml file: config\config.yaml loaded successfully]
[2023-10-16 11:41:35,775: INFO: common: yaml file: params.yaml loaded successfully]
[2023-10-16 11:41:35,776: INFO: common: created directory at: artifacts]
[2023-10-16 11:41:35,778: INFO: common: created directory at: artifacts/data_ingestion]
[2023-10-16 11:41:35,779: INFO: data_ingestion: Downloading data from https://drive.google.com/file/d/1vlhZ5c7abUKF8xXERIw6m9Te8fW7ohw3/view?usp=sharing into file artifacts/data_ingestion/data.zip]
[2023-10-16 11:41:50,794: INFO: data_ingestion: Downloaded data from https://drive.google.com/file/d/1vlhZ5c7abUKF8xXERIw6m9Te8fW7ohw3/view?usp=sharing into file artifacts/data_ingestion/data.zip]
[2023-10-16 11:41:51,743: INFO: main: >>>>>> stage Data Ingestion stage completed <<<<<<

x==========x]
[2023-10-16 12:20:08,823: INFO: common: yaml file: config\config.yaml loaded successfully]
[2023-10-16 12:20:08,830: INFO: common: yaml file: params.yaml loaded successfully]
[2023-10-16 12:20:08,832: INFO: common: created directory at: artifacts]
[2023-10-16 12:20:08,837: INFO: common: created directory at: artifacts/prepare_base_model]
[2023-10-16 12:20:24,515: WARNING: saving_utils: Compiled the loaded model, but the compiled metrics have yet to be built. `model.compile_metrics` will be empty until you train or evaluate the model.]
[2023-10-16 12:32:42,976: INFO: main: >>>>>> stage Data Ingestion stage started <<<<<<]
[2023-10-16 12:32:42,979: INFO: common: yaml file: config\config.yaml loaded successfully]
[2023-10-16 12:32:42,980: INFO: common: yaml file: params.yaml loaded successfully]
[2023-10-16 12:32:42,982: INFO: common: created directory at: artifacts]
[2023-10-16 12:32:42,985: INFO: common: created directory at: artifacts/data_ingestion]
[2023-10-16 12:32:42,987: INFO: data_ingestion: Downloading data from https://drive.google.com/file/d/1vlhZ5c7abUKF8xXERIw6m9Te8fW7ohw3/view?usp=sharing into file artifacts/data_ingestion/data.zip]
[2023-10-16 12:33:05,194: INFO: data_ingestion: Downloaded data from https://drive.google.com/file/d/1vlhZ5c7abUKF8xXERIw6m9Te8fW7ohw3/view?usp=sharing into file artifacts/data_ingestion/data.zip]
[2023-10-16 12:33:06,181: INFO: main: >>>>>> stage Data Ingestion stage completed <<<<<<

x==========x]
[2023-10-16 12:33:06,182: INFO: main: *******************]
[2023-10-16 12:33:06,182: INFO: main: >>>>>> stage Prepare base model started <<<<<<]
[2023-10-16 12:33:06,184: INFO: common: yaml file: config\config.yaml loaded successfully]
[2023-10-16 12:33:06,185: INFO: common: yaml file: params.yaml loaded successfully]
[2023-10-16 12:33:06,188: INFO: common: created directory at: artifacts]
[2023-10-16 12:33:06,190: INFO: common: created directory at: artifacts/prepare_base_model]
[2023-10-16 12:33:07,191: WARNING: saving_utils: Compiled the loaded model, but the compiled metrics have yet to be built. `model.compile_metrics` will be empty until you train or evaluate the model.]
[2023-10-16 12:33:07,628: INFO: main: >>>>>> stage Prepare base model completed <<<<<<

x==========x]
